#
# A fatal error has been detected by the Java Runtime Environment:
#
#  EXCEPTION_ACCESS_VIOLATION (0xc0000005) at pc=0x00007ffd6946cce6, pid=6272, tid=2548
#
# JRE version: OpenJDK Runtime Environment (15.0.1+9) (build 15.0.1+9-18)
# Java VM: OpenJDK 64-Bit Server VM (15.0.1+9-18, mixed mode, sharing, tiered, compressed oops, g1 gc, windows-amd64)
# Problematic frame:
# C  [ig9icd64.dll+0x6cce6]
#
# No core dump will be written. Minidumps are not enabled by default on client versions of Windows
#
# If you would like to submit a bug report, please visit:
#   https://bugreport.java.com/bugreport/crash.jsp
# The crash happened outside the Java Virtual Machine in native code.
# See problematic frame for where to report the bug.
#

---------------  S U M M A R Y ------------

Command Line: -Dfile.encoding=windows-1252 -Duser.country=US -Duser.language=en -Duser.variant Main

Host: Intel(R) Core(TM) i7-7500U CPU @ 2.70GHz, 4 cores, 15G,  Windows 10 , 64 bit Build 19041 (10.0.19041.662)
Time: Sun Dec 27 00:41:58 2020 Eastern Standard Time elapsed time: 0.859804 seconds (0d 0h 0m 0s)

---------------  T H R E A D  ---------------

Current thread (0x000001ee56884b60):  JavaThread "main" [_thread_in_native, id=2548, stack(0x000000ab6c500000,0x000000ab6c600000)]

Stack: [0x000000ab6c500000,0x000000ab6c600000],  sp=0x000000ab6c5fe480,  free space=1017k
Native frames: (J=compiled Java code, j=interpreted, Vv=VM code, C=native code)
C  [ig9icd64.dll+0x6cce6]

Java frames: (J=compiled Java code, j=interpreted, Vv=VM code)
j  org.lwjgl.opengl.GL11C.nglTexImage2D(IIIIIIIIJ)V+0
j  org.lwjgl.opengl.GL11C.glTexImage2D(IIIIIIIILjava/nio/ByteBuffer;)V+17
j  org.lwjgl.opengl.GL11.glTexImage2D(IIIIIIIILjava/nio/ByteBuffer;)V+14
j  renderer.Texture.<init>(Ljava/lang/String;)V+142
j  jade.LevelEditorScene.init()V+49
j  jade.Window.changeScene(I)V+41
j  jade.Window.init()V+162
j  jade.Window.run()V+15
j  Main.main([Ljava/lang/String;)V+5
v  ~StubRoutines::call_stub

siginfo: EXCEPTION_ACCESS_VIOLATION (0xc0000005), reading address 0x000001ee0820f000


Register to memory mapping:

RIP=0x00007ffd6946cce6 ig9icd64.dll
RAX=0x000000000001519f is an unknown value
RBX=0x000001ee7ca60000 points into unknown readable memory: 0xffffffffffffffff | ff ff ff ff ff ff ff ff
RCX=0x0 is NULL
RDX=0x000001ee0820efc0 points into unknown readable memory: 0x0000000000000000 | 00 00 00 00 00 00 00 00
RSP=0x000000ab6c5fe480 is pointing into the stack for thread: 0x000001ee56884b60
RBP=0x000000ab6c5fe5b0 is pointing into the stack for thread: 0x000001ee56884b60
RSI=0x000001ee7ca60000 points into unknown readable memory: 0xffffffffffffffff | ff ff ff ff ff ff ff ff
RDI=0x000001ee7d4ecf80 points into unknown readable memory: 0x0000000000000000 | 00 00 00 00 00 00 00 00
R8 =0x0000000000e10000 is an unknown value
R9 =0x000000000001c200 is an unknown value
R10=0x00000000000151a0 is an unknown value
R11=0x000001ee7a5fc394 points into unknown readable memory: 00 00 00 00
R12=0x00007ffd69400000 ig9icd64.dll
R13=0x00000000000001c1 is an unknown value
R14=0x000000ab6c5fe6a0 is pointing into the stack for thread: 0x000001ee56884b60
R15=0x0 is NULL


Registers:
RAX=0x000000000001519f, RBX=0x000001ee7ca60000, RCX=0x0000000000000000, RDX=0x000001ee0820efc0
RSP=0x000000ab6c5fe480, RBP=0x000000ab6c5fe5b0, RSI=0x000001ee7ca60000, RDI=0x000001ee7d4ecf80
R8 =0x0000000000e10000, R9 =0x000000000001c200, R10=0x00000000000151a0, R11=0x000001ee7a5fc394
R12=0x00007ffd69400000, R13=0x00000000000001c1, R14=0x000000ab6c5fe6a0, R15=0x0000000000000000
RIP=0x00007ffd6946cce6, EFLAGS=0x0000000000010217

Top of Stack: (sp=0x000000ab6c5fe480)
0x000000ab6c5fe480:   0000000000000000 0000000000000000
0x000000ab6c5fe490:   0000000000000000 0000000000000000
0x000000ab6c5fe4a0:   000001ee07782040 00007ffd69dc174b
0x000000ab6c5fe4b0:   0000000000000001 000000ab6c5fe5b0
0x000000ab6c5fe4c0:   000001ee07782040 0000000000000000
0x000000ab6c5fe4d0:   0000000000000049 0000000000000001
0x000000ab6c5fe4e0:   000001ee07782040 00007ffd69960200
0x000000ab6c5fe4f0:   800002c040000200 0000000000000000
0x000000ab6c5fe500:   00007ffd6a0cc230 000001ee7a5e3500
0x000000ab6c5fe510:   0000078000000780 0000004900000000
0x000000ab6c5fe520:   00001e0000000004 000001ee07782040
0x000000ab6c5fe530:   000000047a590049 0000000000001e00
0x000000ab6c5fe540:   000001ee7ca60000 0000000000000000
0x000000ab6c5fe550:   000001ee7a89f330 000001ee7a89f310
0x000000ab6c5fe560:   0000000000000002 0000000000000000
0x000000ab6c5fe570:   000001ee7a5e3500 0000000000000002 

Instructions: (pc=0x00007ffd6946cce6)
0x00007ffd6946cbe6:   03 d1 66 0f f7 c1 49 03 f9 41 8b c1 44 8b d1 4c
0x00007ffd6946cbf6:   2b c0 0f 29 74 24 10 4d 8b c8 0f 29 3c 24 49 c1
0x00007ffd6946cc06:   e9 07 f6 c2 0f 0f 84 af 00 00 00 4d 85 c9 74 6b
0x00007ffd6946cc16:   66 66 0f 1f 84 00 00 00 00 00 f3 0f 6f 02 41 ff
0x00007ffd6946cc26:   c2 f3 0f 6f 4a 10 41 8b c2 f3 0f 6f 52 20 f3 0f
0x00007ffd6946cc36:   6f 5a 30 f3 0f 6f 62 40 f3 0f 6f 6a 50 f3 0f 6f
0x00007ffd6946cc46:   72 60 f3 0f 6f 7a 70 66 0f e7 07 66 0f e7 4f 10
0x00007ffd6946cc56:   66 0f e7 57 20 66 0f e7 5f 30 66 0f e7 67 40 66
0x00007ffd6946cc66:   0f e7 6f 50 66 0f e7 77 60 66 0f e7 7f 70 48 83
0x00007ffd6946cc76:   ef 80 48 83 ea 80 49 3b c1 72 9f 41 83 e0 7f 0f
0x00007ffd6946cc86:   84 e0 00 00 00 45 8b d0 44 8b c9 49 c1 ea 04 4d
0x00007ffd6946cc96:   85 d2 0f 84 cd 00 00 00 66 90 f3 0f 6f 02 41 ff
0x00007ffd6946cca6:   c1 48 83 c2 10 41 8b c1 66 0f e7 07 48 83 c7 10
0x00007ffd6946ccb6:   49 3b c2 72 e5 e9 ab 00 00 00 4d 85 c9 74 6c 66
0x00007ffd6946ccc6:   66 66 0f 1f 84 00 00 00 00 00 f3 0f 6f 02 41 ff
0x00007ffd6946ccd6:   c2 f3 0f 6f 4a 10 f3 0f 6f 52 20 f3 0f 6f 5a 30
0x00007ffd6946cce6:   f3 0f 6f 62 40 f3 0f 6f 6a 50 f3 0f 6f 72 60 f3
0x00007ffd6946ccf6:   0f 6f 7a 70 48 83 ea 80 66 0f e7 07 66 0f e7 4f
0x00007ffd6946cd06:   10 66 0f e7 57 20 66 0f e7 5f 30 66 0f e7 67 40
0x00007ffd6946cd16:   66 0f e7 6f 50 66 0f e7 77 60 66 0f e7 7f 70 48
0x00007ffd6946cd26:   83 ef 80 41 8b c2 49 3b c1 72 9f 41 83 e0 7f 74
0x00007ffd6946cd36:   34 45 8b d0 44 8b c9 49 c1 ea 04 4d 85 d2 74 25
0x00007ffd6946cd46:   66 66 0f 1f 84 00 00 00 00 00 f3 0f 6f 02 41 ff
0x00007ffd6946cd56:   c1 66 0f e7 07 48 83 c7 10 41 8b c1 48 83 c2 10
0x00007ffd6946cd66:   49 3b c2 72 e5 0f 28 74 24 10 0f 28 3c 24 41 83
0x00007ffd6946cd76:   e0 0f 74 49 45 8b d0 44 8b c9 49 c1 ea 02 4d 85
0x00007ffd6946cd86:   d2 74 1e 0f 1f 80 00 00 00 00 8b 02 41 ff c1 89
0x00007ffd6946cd96:   07 48 83 c2 04 48 83 c7 04 41 8b c1 49 3b c2 72
0x00007ffd6946cda6:   e9 41 83 e0 03 76 16 48 2b d7 0f b6 04 3a ff c1
0x00007ffd6946cdb6:   88 07 48 8d 7f 01 8b c1 49 3b c0 72 ed 48 83 c4
0x00007ffd6946cdc6:   20 5f c3 cc cc cc cc cc cc cc 40 53 48 83 ec 20
0x00007ffd6946cdd6:   48 8b da 48 8b d1 48 8b 0b 48 85 c9 74 2d 48 8b 


Stack slot to memory mapping:
stack at sp + 0 slots: 0x0 is NULL
stack at sp + 1 slots: 0x0 is NULL
stack at sp + 2 slots: 0x0 is NULL
stack at sp + 3 slots: 0x0 is NULL
stack at sp + 4 slots: 0x000001ee07782040 points into unknown readable memory: 0xffffffffffffffff | ff ff ff ff ff ff ff ff
stack at sp + 5 slots: 0x00007ffd69dc174b ig9icd64.dll
stack at sp + 6 slots: 0x0000000000000001 is an unknown value
stack at sp + 7 slots: 0x000000ab6c5fe5b0 is pointing into the stack for thread: 0x000001ee56884b60


---------------  P R O C E S S  ---------------

Threads class SMR info:
_java_thread_list=0x000001ee7a0a4a20, length=11, elements={
0x000001ee56884b60, 0x000001ee796ba150, 0x000001ee796bab30, 0x000001ee796d3c70,
0x000001ee796d6540, 0x000001ee796d8e10, 0x000001ee796dcf00, 0x000001ee796e58c0,
0x000001ee7971b540, 0x000001ee7a0ac490, 0x000001ee7a0bee00
}

Java Threads: ( => current thread )
=>0x000001ee56884b60 JavaThread "main" [_thread_in_native, id=2548, stack(0x000000ab6c500000,0x000000ab6c600000)]
  0x000001ee796ba150 JavaThread "Reference Handler" daemon [_thread_blocked, id=7652, stack(0x000000ab6cc00000,0x000000ab6cd00000)]
  0x000001ee796bab30 JavaThread "Finalizer" daemon [_thread_blocked, id=1600, stack(0x000000ab6cd00000,0x000000ab6ce00000)]
  0x000001ee796d3c70 JavaThread "Signal Dispatcher" daemon [_thread_blocked, id=11312, stack(0x000000ab6ce00000,0x000000ab6cf00000)]
  0x000001ee796d6540 JavaThread "Attach Listener" daemon [_thread_blocked, id=10468, stack(0x000000ab6cf00000,0x000000ab6d000000)]
  0x000001ee796d8e10 JavaThread "Service Thread" daemon [_thread_blocked, id=12084, stack(0x000000ab6d000000,0x000000ab6d100000)]
  0x000001ee796dcf00 JavaThread "C2 CompilerThread0" daemon [_thread_blocked, id=14404, stack(0x000000ab6d100000,0x000000ab6d200000)]
  0x000001ee796e58c0 JavaThread "C1 CompilerThread0" daemon [_thread_blocked, id=15016, stack(0x000000ab6d200000,0x000000ab6d300000)]
  0x000001ee7971b540 JavaThread "Sweeper thread" daemon [_thread_blocked, id=9928, stack(0x000000ab6d300000,0x000000ab6d400000)]
  0x000001ee7a0ac490 JavaThread "Notification Thread" daemon [_thread_blocked, id=11564, stack(0x000000ab6d400000,0x000000ab6d500000)]
  0x000001ee7a0bee00 JavaThread "Common-Cleaner" daemon [_thread_blocked, id=13456, stack(0x000000ab6d600000,0x000000ab6d700000)]

Other Threads:
  0x000001ee796b4aa0 VMThread "VM Thread" [stack: 0x000000ab6cb00000,0x000000ab6cc00000] [id=13316]
  0x000001ee7a0bc940 WatcherThread [stack: 0x000000ab6d500000,0x000000ab6d600000] [id=14056]
  0x000001ee568d66a0 GCTaskThread "GC Thread#0" [stack: 0x000000ab6c600000,0x000000ab6c700000] [id=6336]
  0x000001ee7a1c7f80 GCTaskThread "GC Thread#1" [stack: 0x000000ab6dd00000,0x000000ab6de00000] [id=8256]
  0x000001ee7a1c6930 GCTaskThread "GC Thread#2" [stack: 0x000000ab6de00000,0x000000ab6df00000] [id=8056]
  0x000001ee7a1c6c60 GCTaskThread "GC Thread#3" [stack: 0x000000ab6df00000,0x000000ab6e000000] [id=11064]
  0x000001ee568e8590 ConcurrentGCThread "G1 Main Marker" [stack: 0x000000ab6c700000,0x000000ab6c800000] [id=9432]
  0x000001ee568e9900 ConcurrentGCThread "G1 Conc#0" [stack: 0x000000ab6c800000,0x000000ab6c900000] [id=3528]
  0x000001ee5695eaf0 ConcurrentGCThread "G1 Refine#0" [stack: 0x000000ab6c900000,0x000000ab6ca00000] [id=8780]
  0x000001ee795ae680 ConcurrentGCThread "G1 Young RemSet Sampling" [stack: 0x000000ab6ca00000,0x000000ab6cb00000] [id=10380]

Threads with active compile tasks:

VM state: not at safepoint (normal execution)

VM Mutex/Monitor currently owned by a thread: None

Heap address: 0x0000000701800000, size: 4072 MB, Compressed Oops mode: Zero based, Oop shift amount: 3
CDS archive(s) mapped at: [0x0000000800000000-0x0000000800b50000-0x0000000800b50000), size 11862016, SharedBaseAddress: 0x0000000800000000, ArchiveRelocationMode: 0.
Compressed class space mapped at: 0x0000000800b50000-0x0000000840b50000, size: 1073741824
Narrow klass base: 0x0000000800000000, Narrow klass shift: 3, Narrow klass range: 0x100000000

GC Precious Log:
 CPUs: 4 total, 4 available
 Memory: 16287M
 Large Page Support: Disabled
 NUMA Support: Disabled
 Compressed Oops: Enabled (Zero based)
 Heap Region Size: 2M
 Heap Min Capacity: 8M
 Heap Initial Capacity: 256M
 Heap Max Capacity: 4072M
 Pre-touch: Disabled
 Parallel Workers: 4
 Concurrent Workers: 1
 Concurrent Refinement Workers: 4
 Periodic GC: Disabled

Heap:
 garbage-first heap   total 262144K, used 1752K [0x0000000701800000, 0x0000000800000000)
  region size 2048K, 2 young (4096K), 1 survivors (2048K)
 Metaspace       used 5808K, capacity 8716K, committed 9088K, reserved 1058816K
  class space    used 284K, capacity 585K, committed 640K, reserved 1048576K

Heap Regions: E=young(eden), S=young(survivor), O=old, HS=humongous(starts), HC=humongous(continues), CS=collection set, F=free, OA=open archive, CA=closed archive, TAMS=top-at-mark-start (previous, next)
|   0|0x0000000701800000, 0x0000000701800000, 0x0000000701a00000|  0%| F|  |TAMS 0x0000000701800000, 0x0000000701800000| Untracked 
|   1|0x0000000701a00000, 0x0000000701a00000, 0x0000000701c00000|  0%| F|  |TAMS 0x0000000701a00000, 0x0000000701a00000| Untracked 
|   2|0x0000000701c00000, 0x0000000701c00000, 0x0000000701e00000|  0%| F|  |TAMS 0x0000000701c00000, 0x0000000701c00000| Untracked 
|   3|0x0000000701e00000, 0x0000000701e00000, 0x0000000702000000|  0%| F|  |TAMS 0x0000000701e00000, 0x0000000701e00000| Untracked 
|   4|0x0000000702000000, 0x0000000702000000, 0x0000000702200000|  0%| F|  |TAMS 0x0000000702000000, 0x0000000702000000| Untracked 
|   5|0x0000000702200000, 0x0000000702200000, 0x0000000702400000|  0%| F|  |TAMS 0x0000000702200000, 0x0000000702200000| Untracked 
|   6|0x0000000702400000, 0x0000000702400000, 0x0000000702600000|  0%| F|  |TAMS 0x0000000702400000, 0x0000000702400000| Untracked 
|   7|0x0000000702600000, 0x0000000702600000, 0x0000000702800000|  0%| F|  |TAMS 0x0000000702600000, 0x0000000702600000| Untracked 
|   8|0x0000000702800000, 0x0000000702800000, 0x0000000702a00000|  0%| F|  |TAMS 0x0000000702800000, 0x0000000702800000| Untracked 
|   9|0x0000000702a00000, 0x0000000702a00000, 0x0000000702c00000|  0%| F|  |TAMS 0x0000000702a00000, 0x0000000702a00000| Untracked 
|  10|0x0000000702c00000, 0x0000000702c00000, 0x0000000702e00000|  0%| F|  |TAMS 0x0000000702c00000, 0x0000000702c00000| Untracked 
|  11|0x0000000702e00000, 0x0000000702e00000, 0x0000000703000000|  0%| F|  |TAMS 0x0000000702e00000, 0x0000000702e00000| Untracked 
|  12|0x0000000703000000, 0x0000000703000000, 0x0000000703200000|  0%| F|  |TAMS 0x0000000703000000, 0x0000000703000000| Untracked 
|  13|0x0000000703200000, 0x0000000703200000, 0x0000000703400000|  0%| F|  |TAMS 0x0000000703200000, 0x0000000703200000| Untracked 
|  14|0x0000000703400000, 0x0000000703400000, 0x0000000703600000|  0%| F|  |TAMS 0x0000000703400000, 0x0000000703400000| Untracked 
|  15|0x0000000703600000, 0x0000000703600000, 0x0000000703800000|  0%| F|  |TAMS 0x0000000703600000, 0x0000000703600000| Untracked 
|  16|0x0000000703800000, 0x0000000703800000, 0x0000000703a00000|  0%| F|  |TAMS 0x0000000703800000, 0x0000000703800000| Untracked 
|  17|0x0000000703a00000, 0x0000000703a00000, 0x0000000703c00000|  0%| F|  |TAMS 0x0000000703a00000, 0x0000000703a00000| Untracked 
|  18|0x0000000703c00000, 0x0000000703c00000, 0x0000000703e00000|  0%| F|  |TAMS 0x0000000703c00000, 0x0000000703c00000| Untracked 
|  19|0x0000000703e00000, 0x0000000703e00000, 0x0000000704000000|  0%| F|  |TAMS 0x0000000703e00000, 0x0000000703e00000| Untracked 
|  20|0x0000000704000000, 0x0000000704000000, 0x0000000704200000|  0%| F|  |TAMS 0x0000000704000000, 0x0000000704000000| Untracked 
|  21|0x0000000704200000, 0x0000000704200000, 0x0000000704400000|  0%| F|  |TAMS 0x0000000704200000, 0x0000000704200000| Untracked 
|  22|0x0000000704400000, 0x0000000704400000, 0x0000000704600000|  0%| F|  |TAMS 0x0000000704400000, 0x0000000704400000| Untracked 
|  23|0x0000000704600000, 0x0000000704600000, 0x0000000704800000|  0%| F|  |TAMS 0x0000000704600000, 0x0000000704600000| Untracked 
|  24|0x0000000704800000, 0x0000000704800000, 0x0000000704a00000|  0%| F|  |TAMS 0x0000000704800000, 0x0000000704800000| Untracked 
|  25|0x0000000704a00000, 0x0000000704a00000, 0x0000000704c00000|  0%| F|  |TAMS 0x0000000704a00000, 0x0000000704a00000| Untracked 
|  26|0x0000000704c00000, 0x0000000704c00000, 0x0000000704e00000|  0%| F|  |TAMS 0x0000000704c00000, 0x0000000704c00000| Untracked 
|  27|0x0000000704e00000, 0x0000000704e00000, 0x0000000705000000|  0%| F|  |TAMS 0x0000000704e00000, 0x0000000704e00000| Untracked 
|  28|0x0000000705000000, 0x0000000705000000, 0x0000000705200000|  0%| F|  |TAMS 0x0000000705000000, 0x0000000705000000| Untracked 
|  29|0x0000000705200000, 0x0000000705200000, 0x0000000705400000|  0%| F|  |TAMS 0x0000000705200000, 0x0000000705200000| Untracked 
|  30|0x0000000705400000, 0x0000000705400000, 0x0000000705600000|  0%| F|  |TAMS 0x0000000705400000, 0x0000000705400000| Untracked 
|  31|0x0000000705600000, 0x0000000705600000, 0x0000000705800000|  0%| F|  |TAMS 0x0000000705600000, 0x0000000705600000| Untracked 
|  32|0x0000000705800000, 0x0000000705800000, 0x0000000705a00000|  0%| F|  |TAMS 0x0000000705800000, 0x0000000705800000| Untracked 
|  33|0x0000000705a00000, 0x0000000705a00000, 0x0000000705c00000|  0%| F|  |TAMS 0x0000000705a00000, 0x0000000705a00000| Untracked 
|  34|0x0000000705c00000, 0x0000000705c00000, 0x0000000705e00000|  0%| F|  |TAMS 0x0000000705c00000, 0x0000000705c00000| Untracked 
|  35|0x0000000705e00000, 0x0000000705e00000, 0x0000000706000000|  0%| F|  |TAMS 0x0000000705e00000, 0x0000000705e00000| Untracked 
|  36|0x0000000706000000, 0x0000000706000000, 0x0000000706200000|  0%| F|  |TAMS 0x0000000706000000, 0x0000000706000000| Untracked 
|  37|0x0000000706200000, 0x0000000706200000, 0x0000000706400000|  0%| F|  |TAMS 0x0000000706200000, 0x0000000706200000| Untracked 
|  38|0x0000000706400000, 0x0000000706400000, 0x0000000706600000|  0%| F|  |TAMS 0x0000000706400000, 0x0000000706400000| Untracked 
|  39|0x0000000706600000, 0x0000000706600000, 0x0000000706800000|  0%| F|  |TAMS 0x0000000706600000, 0x0000000706600000| Untracked 
|  40|0x0000000706800000, 0x0000000706800000, 0x0000000706a00000|  0%| F|  |TAMS 0x0000000706800000, 0x0000000706800000| Untracked 
|  41|0x0000000706a00000, 0x0000000706a00000, 0x0000000706c00000|  0%| F|  |TAMS 0x0000000706a00000, 0x0000000706a00000| Untracked 
|  42|0x0000000706c00000, 0x0000000706c00000, 0x0000000706e00000|  0%| F|  |TAMS 0x0000000706c00000, 0x0000000706c00000| Untracked 
|  43|0x0000000706e00000, 0x0000000706e00000, 0x0000000707000000|  0%| F|  |TAMS 0x0000000706e00000, 0x0000000706e00000| Untracked 
|  44|0x0000000707000000, 0x0000000707000000, 0x0000000707200000|  0%| F|  |TAMS 0x0000000707000000, 0x0000000707000000| Untracked 
|  45|0x0000000707200000, 0x0000000707200000, 0x0000000707400000|  0%| F|  |TAMS 0x0000000707200000, 0x0000000707200000| Untracked 
|  46|0x0000000707400000, 0x0000000707400000, 0x0000000707600000|  0%| F|  |TAMS 0x0000000707400000, 0x0000000707400000| Untracked 
|  47|0x0000000707600000, 0x0000000707600000, 0x0000000707800000|  0%| F|  |TAMS 0x0000000707600000, 0x0000000707600000| Untracked 
|  48|0x0000000707800000, 0x0000000707800000, 0x0000000707a00000|  0%| F|  |TAMS 0x0000000707800000, 0x0000000707800000| Untracked 
|  49|0x0000000707a00000, 0x0000000707a00000, 0x0000000707c00000|  0%| F|  |TAMS 0x0000000707a00000, 0x0000000707a00000| Untracked 
|  50|0x0000000707c00000, 0x0000000707c00000, 0x0000000707e00000|  0%| F|  |TAMS 0x0000000707c00000, 0x0000000707c00000| Untracked 
|  51|0x0000000707e00000, 0x0000000707e00000, 0x0000000708000000|  0%| F|  |TAMS 0x0000000707e00000, 0x0000000707e00000| Untracked 
|  52|0x0000000708000000, 0x0000000708000000, 0x0000000708200000|  0%| F|  |TAMS 0x0000000708000000, 0x0000000708000000| Untracked 
|  53|0x0000000708200000, 0x0000000708200000, 0x0000000708400000|  0%| F|  |TAMS 0x0000000708200000, 0x0000000708200000| Untracked 
|  54|0x0000000708400000, 0x0000000708400000, 0x0000000708600000|  0%| F|  |TAMS 0x0000000708400000, 0x0000000708400000| Untracked 
|  55|0x0000000708600000, 0x0000000708600000, 0x0000000708800000|  0%| F|  |TAMS 0x0000000708600000, 0x0000000708600000| Untracked 
|  56|0x0000000708800000, 0x0000000708800000, 0x0000000708a00000|  0%| F|  |TAMS 0x0000000708800000, 0x0000000708800000| Untracked 
|  57|0x0000000708a00000, 0x0000000708a00000, 0x0000000708c00000|  0%| F|  |TAMS 0x0000000708a00000, 0x0000000708a00000| Untracked 
|  58|0x0000000708c00000, 0x0000000708c00000, 0x0000000708e00000|  0%| F|  |TAMS 0x0000000708c00000, 0x0000000708c00000| Untracked 
|  59|0x0000000708e00000, 0x0000000708e00000, 0x0000000709000000|  0%| F|  |TAMS 0x0000000708e00000, 0x0000000708e00000| Untracked 
|  60|0x0000000709000000, 0x0000000709000000, 0x0000000709200000|  0%| F|  |TAMS 0x0000000709000000, 0x0000000709000000| Untracked 
|  61|0x0000000709200000, 0x0000000709200000, 0x0000000709400000|  0%| F|  |TAMS 0x0000000709200000, 0x0000000709200000| Untracked 
|  62|0x0000000709400000, 0x0000000709400000, 0x0000000709600000|  0%| F|  |TAMS 0x0000000709400000, 0x0000000709400000| Untracked 
|  63|0x0000000709600000, 0x0000000709600000, 0x0000000709800000|  0%| F|  |TAMS 0x0000000709600000, 0x0000000709600000| Untracked 
|  64|0x0000000709800000, 0x0000000709800000, 0x0000000709a00000|  0%| F|  |TAMS 0x0000000709800000, 0x0000000709800000| Untracked 
|  65|0x0000000709a00000, 0x0000000709a00000, 0x0000000709c00000|  0%| F|  |TAMS 0x0000000709a00000, 0x0000000709a00000| Untracked 
|  66|0x0000000709c00000, 0x0000000709c00000, 0x0000000709e00000|  0%| F|  |TAMS 0x0000000709c00000, 0x0000000709c00000| Untracked 
|  67|0x0000000709e00000, 0x0000000709e00000, 0x000000070a000000|  0%| F|  |TAMS 0x0000000709e00000, 0x0000000709e00000| Untracked 
|  68|0x000000070a000000, 0x000000070a000000, 0x000000070a200000|  0%| F|  |TAMS 0x000000070a000000, 0x000000070a000000| Untracked 
|  69|0x000000070a200000, 0x000000070a200000, 0x000000070a400000|  0%| F|  |TAMS 0x000000070a200000, 0x000000070a200000| Untracked 
|  70|0x000000070a400000, 0x000000070a400000, 0x000000070a600000|  0%| F|  |TAMS 0x000000070a400000, 0x000000070a400000| Untracked 
|  71|0x000000070a600000, 0x000000070a600000, 0x000000070a800000|  0%| F|  |TAMS 0x000000070a600000, 0x000000070a600000| Untracked 
|  72|0x000000070a800000, 0x000000070a800000, 0x000000070aa00000|  0%| F|  |TAMS 0x000000070a800000, 0x000000070a800000| Untracked 
|  73|0x000000070aa00000, 0x000000070aa00000, 0x000000070ac00000|  0%| F|  |TAMS 0x000000070aa00000, 0x000000070aa00000| Untracked 
|  74|0x000000070ac00000, 0x000000070ac00000, 0x000000070ae00000|  0%| F|  |TAMS 0x000000070ac00000, 0x000000070ac00000| Untracked 
|  75|0x000000070ae00000, 0x000000070ae00000, 0x000000070b000000|  0%| F|  |TAMS 0x000000070ae00000, 0x000000070ae00000| Untracked 
|  76|0x000000070b000000, 0x000000070b000000, 0x000000070b200000|  0%| F|  |TAMS 0x000000070b000000, 0x000000070b000000| Untracked 
|  77|0x000000070b200000, 0x000000070b200000, 0x000000070b400000|  0%| F|  |TAMS 0x000000070b200000, 0x000000070b200000| Untracked 
|  78|0x000000070b400000, 0x000000070b400000, 0x000000070b600000|  0%| F|  |TAMS 0x000000070b400000, 0x000000070b400000| Untracked 
|  79|0x000000070b600000, 0x000000070b600000, 0x000000070b800000|  0%| F|  |TAMS 0x000000070b600000, 0x000000070b600000| Untracked 
|  80|0x000000070b800000, 0x000000070b800000, 0x000000070ba00000|  0%| F|  |TAMS 0x000000070b800000, 0x000000070b800000| Untracked 
|  81|0x000000070ba00000, 0x000000070ba00000, 0x000000070bc00000|  0%| F|  |TAMS 0x000000070ba00000, 0x000000070ba00000| Untracked 
|  82|0x000000070bc00000, 0x000000070bc00000, 0x000000070be00000|  0%| F|  |TAMS 0x000000070bc00000, 0x000000070bc00000| Untracked 
|  83|0x000000070be00000, 0x000000070be00000, 0x000000070c000000|  0%| F|  |TAMS 0x000000070be00000, 0x000000070be00000| Untracked 
|  84|0x000000070c000000, 0x000000070c000000, 0x000000070c200000|  0%| F|  |TAMS 0x000000070c000000, 0x000000070c000000| Untracked 
|  85|0x000000070c200000, 0x000000070c200000, 0x000000070c400000|  0%| F|  |TAMS 0x000000070c200000, 0x000000070c200000| Untracked 
|  86|0x000000070c400000, 0x000000070c400000, 0x000000070c600000|  0%| F|  |TAMS 0x000000070c400000, 0x000000070c400000| Untracked 
|  87|0x000000070c600000, 0x000000070c600000, 0x000000070c800000|  0%| F|  |TAMS 0x000000070c600000, 0x000000070c600000| Untracked 
|  88|0x000000070c800000, 0x000000070c800000, 0x000000070ca00000|  0%| F|  |TAMS 0x000000070c800000, 0x000000070c800000| Untracked 
|  89|0x000000070ca00000, 0x000000070ca00000, 0x000000070cc00000|  0%| F|  |TAMS 0x000000070ca00000, 0x000000070ca00000| Untracked 
|  90|0x000000070cc00000, 0x000000070cc00000, 0x000000070ce00000|  0%| F|  |TAMS 0x000000070cc00000, 0x000000070cc00000| Untracked 
|  91|0x000000070ce00000, 0x000000070ce00000, 0x000000070d000000|  0%| F|  |TAMS 0x000000070ce00000, 0x000000070ce00000| Untracked 
|  92|0x000000070d000000, 0x000000070d000000, 0x000000070d200000|  0%| F|  |TAMS 0x000000070d000000, 0x000000070d000000| Untracked 
|  93|0x000000070d200000, 0x000000070d200000, 0x000000070d400000|  0%| F|  |TAMS 0x000000070d200000, 0x000000070d200000| Untracked 
|  94|0x000000070d400000, 0x000000070d400000, 0x000000070d600000|  0%| F|  |TAMS 0x000000070d400000, 0x000000070d400000| Untracked 
|  95|0x000000070d600000, 0x000000070d600000, 0x000000070d800000|  0%| F|  |TAMS 0x000000070d600000, 0x000000070d600000| Untracked 
|  96|0x000000070d800000, 0x000000070d800000, 0x000000070da00000|  0%| F|  |TAMS 0x000000070d800000, 0x000000070d800000| Untracked 
|  97|0x000000070da00000, 0x000000070da00000, 0x000000070dc00000|  0%| F|  |TAMS 0x000000070da00000, 0x000000070da00000| Untracked 
|  98|0x000000070dc00000, 0x000000070dc00000, 0x000000070de00000|  0%| F|  |TAMS 0x000000070dc00000, 0x000000070dc00000| Untracked 
|  99|0x000000070de00000, 0x000000070de00000, 0x000000070e000000|  0%| F|  |TAMS 0x000000070de00000, 0x000000070de00000| Untracked 
| 100|0x000000070e000000, 0x000000070e000000, 0x000000070e200000|  0%| F|  |TAMS 0x000000070e000000, 0x000000070e000000| Untracked 
| 101|0x000000070e200000, 0x000000070e200000, 0x000000070e400000|  0%| F|  |TAMS 0x000000070e200000, 0x000000070e200000| Untracked 
| 102|0x000000070e400000, 0x000000070e400000, 0x000000070e600000|  0%| F|  |TAMS 0x000000070e400000, 0x000000070e400000| Untracked 
| 103|0x000000070e600000, 0x000000070e600000, 0x000000070e800000|  0%| F|  |TAMS 0x000000070e600000, 0x000000070e600000| Untracked 
| 104|0x000000070e800000, 0x000000070e800000, 0x000000070ea00000|  0%| F|  |TAMS 0x000000070e800000, 0x000000070e800000| Untracked 
| 105|0x000000070ea00000, 0x000000070ea00000, 0x000000070ec00000|  0%| F|  |TAMS 0x000000070ea00000, 0x000000070ea00000| Untracked 
| 106|0x000000070ec00000, 0x000000070ec00000, 0x000000070ee00000|  0%| F|  |TAMS 0x000000070ec00000, 0x000000070ec00000| Untracked 
| 107|0x000000070ee00000, 0x000000070ee00000, 0x000000070f000000|  0%| F|  |TAMS 0x000000070ee00000, 0x000000070ee00000| Untracked 
| 108|0x000000070f000000, 0x000000070f000000, 0x000000070f200000|  0%| F|  |TAMS 0x000000070f000000, 0x000000070f000000| Untracked 
| 109|0x000000070f200000, 0x000000070f200000, 0x000000070f400000|  0%| F|  |TAMS 0x000000070f200000, 0x000000070f200000| Untracked 
| 110|0x000000070f400000, 0x000000070f400000, 0x000000070f600000|  0%| F|  |TAMS 0x000000070f400000, 0x000000070f400000| Untracked 
| 111|0x000000070f600000, 0x000000070f600000, 0x000000070f800000|  0%| F|  |TAMS 0x000000070f600000, 0x000000070f600000| Untracked 
| 112|0x000000070f800000, 0x000000070f800000, 0x000000070fa00000|  0%| F|  |TAMS 0x000000070f800000, 0x000000070f800000| Untracked 
| 113|0x000000070fa00000, 0x000000070fa00000, 0x000000070fc00000|  0%| F|  |TAMS 0x000000070fa00000, 0x000000070fa00000| Untracked 
| 114|0x000000070fc00000, 0x000000070fc00000, 0x000000070fe00000|  0%| F|  |TAMS 0x000000070fc00000, 0x000000070fc00000| Untracked 
| 115|0x000000070fe00000, 0x000000070fe00000, 0x0000000710000000|  0%| F|  |TAMS 0x000000070fe00000, 0x000000070fe00000| Untracked 
| 116|0x0000000710000000, 0x0000000710000000, 0x0000000710200000|  0%| F|  |TAMS 0x0000000710000000, 0x0000000710000000| Untracked 
| 117|0x0000000710200000, 0x0000000710200000, 0x0000000710400000|  0%| F|  |TAMS 0x0000000710200000, 0x0000000710200000| Untracked 
| 118|0x0000000710400000, 0x0000000710400000, 0x0000000710600000|  0%| F|  |TAMS 0x0000000710400000, 0x0000000710400000| Untracked 
| 119|0x0000000710600000, 0x0000000710600000, 0x0000000710800000|  0%| F|  |TAMS 0x0000000710600000, 0x0000000710600000| Untracked 
| 120|0x0000000710800000, 0x0000000710800000, 0x0000000710a00000|  0%| F|  |TAMS 0x0000000710800000, 0x0000000710800000| Untracked 
| 121|0x0000000710a00000, 0x0000000710bb6028, 0x0000000710c00000| 85%| S|CS|TAMS 0x0000000710a00000, 0x0000000710a00000| Complete 
| 122|0x0000000710c00000, 0x0000000710c00000, 0x0000000710e00000|  0%| F|  |TAMS 0x0000000710c00000, 0x0000000710c00000| Untracked 
| 123|0x0000000710e00000, 0x0000000710e00000, 0x0000000711000000|  0%| F|  |TAMS 0x0000000710e00000, 0x0000000710e00000| Untracked 
| 124|0x0000000711000000, 0x0000000711000000, 0x0000000711200000|  0%| F|  |TAMS 0x0000000711000000, 0x0000000711000000| Untracked 
| 125|0x0000000711200000, 0x0000000711200000, 0x0000000711400000|  0%| F|  |TAMS 0x0000000711200000, 0x0000000711200000| Untracked 
| 126|0x0000000711400000, 0x0000000711400000, 0x0000000711600000|  0%| F|  |TAMS 0x0000000711400000, 0x0000000711400000| Untracked 
| 127|0x0000000711600000, 0x000000071174ebc8, 0x0000000711800000| 65%| E|  |TAMS 0x0000000711600000, 0x0000000711600000| Complete 

Card table byte_map: [0x000001ee6e2b0000,0x000001ee6eab0000] _byte_map_base: 0x000001ee6aaa4000

Marking Bits (Prev, Next): (CMBitMap*) 0x000001ee568d7db0, (CMBitMap*) 0x000001ee568d7df0
 Prev Bits: [0x000001ee6f2b0000, 0x000001ee73250000)
 Next Bits: [0x000001ee73250000, 0x000001ee771f0000)

Polling page: 0x000001ee54880000

Metaspace:

Usage:
  Non-class:      7.94 MB capacity,     5.39 MB ( 68%) used,     2.54 MB ( 32%) free+waste,     8.12 KB ( <1%) overhead. 
      Class:    585.00 KB capacity,   284.97 KB ( 49%) used,   297.34 KB ( 51%) free+waste,     2.69 KB ( <1%) overhead. 
       Both:      8.51 MB capacity,     5.67 MB ( 67%) used,     2.83 MB ( 33%) free+waste,    10.81 KB ( <1%) overhead. 

Virtual space:
  Non-class space:       10.00 MB reserved,       8.25 MB ( 82%) committed 
      Class space:        1.00 GB reserved,     640.00 KB ( <1%) committed 
             Both:        1.01 GB reserved,       8.88 MB ( <1%) committed 

Chunk freelists:
   Non-Class:  125.00 KB
       Class:  23.00 KB
        Both:  148.00 KB

MaxMetaspaceSize: 17179869184.00 GB
CompressedClassSpaceSize: 1.00 GB

CodeHeap 'non-profiled nmethods': size=120000Kb used=214Kb max_used=214Kb free=119785Kb
 bounds [0x000001ee66580000, 0x000001ee667f0000, 0x000001ee6dab0000]
CodeHeap 'profiled nmethods': size=120000Kb used=1167Kb max_used=1167Kb free=118832Kb
 bounds [0x000001ee5f050000, 0x000001ee5f2c0000, 0x000001ee66580000]
CodeHeap 'non-nmethods': size=5760Kb used=1597Kb max_used=1611Kb free=4162Kb
 bounds [0x000001ee5eab0000, 0x000001ee5ed20000, 0x000001ee5f050000]
 total_blobs=1735 nmethods=749 adapters=899
 compilation: enabled
              stopped_count=0, restarted_count=0
 full_count=0

Compilation events (20 events):
Event: 0.800 Thread 0x000001ee796e58c0  740   !   3       sun.nio.ch.NativeThreadSet::add (155 bytes)
Event: 0.800 Thread 0x000001ee796e58c0 nmethod 740 0x000001ee5f16db90 code [0x000001ee5f16dd60, 0x000001ee5f16e368]
Event: 0.800 Thread 0x000001ee796e58c0  741       3       java.lang.AbstractStringBuilder::checkRange (63 bytes)
Event: 0.800 Thread 0x000001ee796e58c0 nmethod 741 0x000001ee5f16e610 code [0x000001ee5f16e8a0, 0x000001ee5f16f1f8]
Event: 0.800 Thread 0x000001ee796e58c0  742       3       java.lang.StringBuilder::append (10 bytes)
Event: 0.800 Thread 0x000001ee796e58c0 nmethod 742 0x000001ee5f16f590 code [0x000001ee5f16f740, 0x000001ee5f16f888]
Event: 0.800 Thread 0x000001ee796e58c0  743       3       java.lang.AbstractStringBuilder::append (63 bytes)
Event: 0.801 Thread 0x000001ee796e58c0 nmethod 743 0x000001ee5f16f910 code [0x000001ee5f16fb00, 0x000001ee5f170088]
Event: 0.801 Thread 0x000001ee796e58c0  744       3       java.lang.AbstractStringBuilder::appendChars (207 bytes)
Event: 0.801 Thread 0x000001ee796e58c0 nmethod 744 0x000001ee5f170210 code [0x000001ee5f1704c0, 0x000001ee5f171448]
Event: 0.802 Thread 0x000001ee796e58c0  745       3       jdk.internal.jimage.ImageStringsReader::get (9 bytes)
Event: 0.802 Thread 0x000001ee796e58c0 nmethod 745 0x000001ee5f171a10 code [0x000001ee5f171bc0, 0x000001ee5f171d88]
Event: 0.802 Thread 0x000001ee796e58c0  746       3       jdk.internal.jimage.BasicImageReader::getString (49 bytes)
Event: 0.802 Thread 0x000001ee796e58c0 nmethod 746 0x000001ee5f171e90 code [0x000001ee5f172060, 0x000001ee5f172348]
Event: 0.802 Thread 0x000001ee796e58c0  747       3       jdk.internal.jimage.ImageStringsReader::stringFromByteBuffer (28 bytes)
Event: 0.802 Thread 0x000001ee796e58c0 nmethod 747 0x000001ee5f172490 code [0x000001ee5f172660, 0x000001ee5f1729b8]
Event: 0.802 Thread 0x000001ee796e58c0  748       3       jdk.internal.jimage.BasicImageReader::getAttributes (49 bytes)
Event: 0.802 Thread 0x000001ee796e58c0 nmethod 748 0x000001ee5f172b10 code [0x000001ee5f172ce0, 0x000001ee5f172fc8]
Event: 0.802 Thread 0x000001ee796e58c0  749       3       jdk.internal.jimage.ImageLocation::verify (50 bytes)
Event: 0.803 Thread 0x000001ee796e58c0 nmethod 749 0x000001ee5f173110 code [0x000001ee5f173340, 0x000001ee5f173ac8]

GC Heap History (2 events):
Event: 0.739 GC heap before
{Heap before GC invocations=0 (full 0):
 garbage-first heap   total 262144K, used 12288K [0x0000000701800000, 0x0000000800000000)
  region size 2048K, 6 young (12288K), 0 survivors (0K)
 Metaspace       used 5147K, capacity 8106K, committed 8320K, reserved 1056768K
  class space    used 266K, capacity 552K, committed 640K, reserved 1048576K
}
Event: 0.746 GC heap after
{Heap after GC invocations=1 (full 0):
 garbage-first heap   total 262144K, used 1752K [0x0000000701800000, 0x0000000800000000)
  region size 2048K, 1 young (2048K), 1 survivors (2048K)
 Metaspace       used 5147K, capacity 8106K, committed 8320K, reserved 1056768K
  class space    used 266K, capacity 552K, committed 640K, reserved 1048576K
}

Deoptimization events (14 events):
Event: 0.080 Thread 0x000001ee56884b60 Uncommon trap: trap_request=0xffffff45 fr.pc=0x000001ee6658404c relative=0x000000000000022c
Event: 0.080 Thread 0x000001ee56884b60 Uncommon trap: reason=unstable_if action=reinterpret pc=0x000001ee6658404c method=java.lang.String.hashCode()I @ 13 c2
Event: 0.080 Thread 0x000001ee56884b60 DEOPT PACKING pc=0x000001ee6658404c sp=0x000000ab6c5fe1b0
Event: 0.080 Thread 0x000001ee56884b60 DEOPT UNPACKING pc=0x000001ee5eafe42f sp=0x000000ab6c5fe140 mode 2
Event: 0.133 Thread 0x000001ee56884b60 Uncommon trap: trap_request=0xffffff45 fr.pc=0x000001ee66588160 relative=0x0000000000000060
Event: 0.133 Thread 0x000001ee56884b60 Uncommon trap: reason=unstable_if action=reinterpret pc=0x000001ee66588160 method=java.io.WinNTFileSystem.isSlash(C)Z @ 9 c2
Event: 0.133 Thread 0x000001ee56884b60 DEOPT PACKING pc=0x000001ee66588160 sp=0x000000ab6c5fe2a0
Event: 0.133 Thread 0x000001ee56884b60 DEOPT UNPACKING pc=0x000001ee5eafe42f sp=0x000000ab6c5fe228 mode 2
Event: 0.579 Thread 0x000001ee56884b60 Uncommon trap: trap_request=0xffffff54 fr.pc=0x000001ee665aaa60 relative=0x0000000000000060
Event: 0.579 Thread 0x000001ee56884b60 Uncommon trap: reason=speculate_null_assert action=make_not_entrant pc=0x000001ee665aaa60 method=sun.misc.Unsafe.putLong(Ljava/lang/Object;JJ)V @ 7 c2
Event: 0.579 Thread 0x000001ee56884b60 DEOPT PACKING pc=0x000001ee665aaa60 sp=0x000000ab6c5fee30
Event: 0.579 Thread 0x000001ee56884b60 DEOPT UNPACKING pc=0x000001ee5eafe42f sp=0x000000ab6c5feda8 mode 2
Event: 0.666 Thread 0x000001ee56884b60 DEOPT PACKING pc=0x000001ee5f07d8df sp=0x000000ab6c5fda00
Event: 0.666 Thread 0x000001ee56884b60 DEOPT UNPACKING pc=0x000001ee5eafe23f sp=0x000000ab6c5fce50 mode 0

Classes unloaded (0 events):
No events

Classes redefined (0 events):
No events

Internal exceptions (20 events):
Event: 0.157 Thread 0x000001ee56884b60 Exception <a 'java/lang/NoSuchMethodError'{0x00000007114d4f38}: 'java.lang.Object java.lang.invoke.DirectMethodHandle$Holder.invokeStatic(java.lang.Object)'> (0x00000007114d4f38) 
thrown [./open/src/hotspot/share/interpreter/linkResolver.cpp, line 782]
Event: 0.157 Thread 0x000001ee56884b60 Exception <a 'java/lang/NoSuchMethodError'{0x00000007114d8768}: 'java.lang.Object java.lang.invoke.DirectMethodHandle$Holder.invokeStaticInit(java.lang.Object)'> (0x00000007114d8768) 
thrown [./open/src/hotspot/share/interpreter/linkResolver.cpp, line 782]
Event: 0.169 Thread 0x000001ee56884b60 Exception <a 'java/lang/NoSuchMethodError'{0x000000071152c498}: 'void java.lang.invoke.DirectMethodHandle$Holder.invokeStatic(java.lang.Object, java.lang.Object)'> (0x000000071152c498) 
thrown [./open/src/hotspot/share/interpreter/linkResolver.cpp, line 782]
Event: 0.171 Thread 0x000001ee56884b60 Exception <a 'java/lang/NoSuchMethodError'{0x0000000711531e38}: 'void java.lang.invoke.DirectMethodHandle$Holder.invokeSpecial(java.lang.Object, java.lang.Object, java.lang.Object)'> (0x0000000711531e38) 
thrown [./open/src/hotspot/share/interpreter/linkResolver.cpp, line 782]
Event: 0.173 Thread 0x000001ee56884b60 Exception <a 'java/lang/NoSuchMethodError'{0x00000007115454c0}: 'java.lang.Object java.lang.invoke.DirectMethodHandle$Holder.invokeStatic(java.lang.Object, java.lang.Object, int)'> (0x00000007115454c0) 
thrown [./open/src/hotspot/share/interpreter/linkResolver.cpp, line 782]
Event: 0.175 Thread 0x000001ee56884b60 Exception <a 'java/lang/NoSuchMethodError'{0x00000007115517e8}: 'void java.lang.invoke.DelegatingMethodHandle$Holder.delegate(java.lang.Object, java.lang.Object, int, java.lang.Object)'> (0x00000007115517e8) 
thrown [./open/src/hotspot/share/interpreter/linkResolver.cpp, line 782]
Event: 0.175 Thread 0x000001ee56884b60 Exception <a 'java/lang/NoSuchMethodError'{0x0000000711555b30}: 'int java.lang.invoke.DirectMethodHandle$Holder.invokeSpecial(java.lang.Object, java.lang.Object, java.lang.Object)'> (0x0000000711555b30) 
thrown [./open/src/hotspot/share/interpreter/linkResolver.cpp, line 782]
Event: 0.203 Thread 0x000001ee56884b60 Exception <a 'sun/nio/fs/WindowsException'{0x00000007115b35b0}> (0x00000007115b35b0) 
thrown [./open/src/hotspot/share/prims/jni.cpp, line 578]
Event: 0.204 Thread 0x000001ee56884b60 Exception <a 'sun/nio/fs/WindowsException'{0x00000007115b3b00}> (0x00000007115b3b00) 
thrown [./open/src/hotspot/share/prims/jni.cpp, line 578]
Event: 0.230 Thread 0x000001ee56884b60 Exception <a 'sun/nio/fs/WindowsException'{0x0000000711285250}> (0x0000000711285250) 
thrown [./open/src/hotspot/share/prims/jni.cpp, line 578]
Event: 0.230 Thread 0x000001ee56884b60 Exception <a 'sun/nio/fs/WindowsException'{0x00000007112855b0}> (0x00000007112855b0) 
thrown [./open/src/hotspot/share/prims/jni.cpp, line 578]
Event: 0.495 Thread 0x000001ee56884b60 Exception <a 'java/lang/NoSuchMethodError'{0x00000007112dc7e8}: 'void java.lang.invoke.DirectMethodHandle$Holder.invokeStaticInit(java.lang.Object, long, double, double)'> (0x00000007112dc7e8) 
thrown [./open/src/hotspot/share/interpreter/linkResolver.cpp, line 782]
Event: 0.498 Thread 0x000001ee56884b60 Exception <a 'java/lang/NoSuchMethodError'{0x00000007112ecea8}: 'void java.lang.invoke.DirectMethodHandle$Holder.invokeStaticInit(java.lang.Object, long, int, int, int)'> (0x00000007112ecea8) 
thrown [./open/src/hotspot/share/interpreter/linkResolver.cpp, line 782]
Event: 0.502 Thread 0x000001ee56884b60 Exception <a 'java/lang/NoSuchMethodError'{0x0000000711307ce8}: 'void java.lang.invoke.DirectMethodHandle$Holder.invokeStaticInit(java.lang.Object, long, int, int, int, int)'> (0x0000000711307ce8) 
thrown [./open/src/hotspot/share/interpreter/linkResolver.cpp, line 782]
Event: 0.534 Thread 0x000001ee56884b60 Exception <a 'sun/nio/fs/WindowsException'{0x0000000711345d10}> (0x0000000711345d10) 
thrown [./open/src/hotspot/share/prims/jni.cpp, line 578]
Event: 0.534 Thread 0x000001ee56884b60 Exception <a 'sun/nio/fs/WindowsException'{0x00000007113460b0}> (0x00000007113460b0) 
thrown [./open/src/hotspot/share/prims/jni.cpp, line 578]
Event: 0.539 Thread 0x000001ee56884b60 Exception <a 'sun/nio/fs/WindowsException'{0x0000000711354258}> (0x0000000711354258) 
thrown [./open/src/hotspot/share/prims/jni.cpp, line 578]
Event: 0.539 Thread 0x000001ee56884b60 Exception <a 'sun/nio/fs/WindowsException'{0x0000000711354528}> (0x0000000711354528) 
thrown [./open/src/hotspot/share/prims/jni.cpp, line 578]
Event: 0.800 Thread 0x000001ee56884b60 Exception <a 'sun/nio/fs/WindowsException'{0x0000000711740840}> (0x0000000711740840) 
thrown [./open/src/hotspot/share/prims/jni.cpp, line 578]
Event: 0.800 Thread 0x000001ee56884b60 Exception <a 'sun/nio/fs/WindowsException'{0x0000000711740bc0}> (0x0000000711740bc0) 
thrown [./open/src/hotspot/share/prims/jni.cpp, line 578]

Events (20 events):
Event: 0.231 loading class java/lang/NoSuchFieldError done
Event: 0.234 loading class jdk/internal/reflect/UnsafeQualifiedStaticIntegerFieldAccessorImpl
Event: 0.235 loading class jdk/internal/reflect/UnsafeQualifiedStaticIntegerFieldAccessorImpl done
Event: 0.536 Loaded shared library C:\Users\Niko\AppData\Local\Temp\lwjglNiko\3.2.3-build-13\lwjgl_opengl.dll
Event: 0.550 Executing VM operation: HandshakeAllThreads
Event: 0.550 Executing VM operation: HandshakeAllThreads done
Event: 0.586 Loaded shared library C:\Users\Niko\AppData\Local\Temp\lwjglNiko\3.2.3-build-13\lwjgl.dll
Event: 0.596 Loaded shared library C:\Users\Niko\AppData\Local\Temp\lwjglNiko\3.2.3-build-13\lwjgl.dll
Event: 0.726 loading class jdk/internal/reflect/UnsafeQualifiedLongFieldAccessorImpl
Event: 0.726 loading class jdk/internal/reflect/UnsafeQualifiedFieldAccessorImpl
Event: 0.726 loading class jdk/internal/reflect/UnsafeQualifiedFieldAccessorImpl done
Event: 0.726 loading class jdk/internal/reflect/UnsafeQualifiedLongFieldAccessorImpl done
Event: 0.739 Executing VM operation: G1CollectForAllocation
Event: 0.746 Executing VM operation: G1CollectForAllocation done
Event: 0.746 Executing VM operation: HandshakeAllThreads
Event: 0.746 Executing VM operation: HandshakeAllThreads done
Event: 0.746 loading class java/io/Externalizable
Event: 0.747 loading class java/io/Externalizable done
Event: 0.748 Loaded shared library C:\Users\Niko\.jdks\openjdk-15.0.1\bin\verify.dll
Event: 0.801 Loaded shared library C:\Users\Niko\AppData\Local\Temp\lwjglNiko\3.2.3-build-13\lwjgl_stb.dll


Dynamic libraries:
0x00007ff6a6310000 - 0x00007ff6a631d000 	C:\Users\Niko\.jdks\openjdk-15.0.1\bin\java.exe
0x00007ffdadb50000 - 0x00007ffdadd46000 	C:\Windows\SYSTEM32\ntdll.dll
0x00007ffd91350000 - 0x00007ffd91362000 	C:\Program Files\AVG\Antivirus\aswhook.dll
0x00007ffdac200000 - 0x00007ffdac2bd000 	C:\Windows\System32\KERNEL32.DLL
0x00007ffdab450000 - 0x00007ffdab719000 	C:\Windows\System32\KERNELBASE.dll
0x00007ffdab7d0000 - 0x00007ffdab8d0000 	C:\Windows\System32\ucrtbase.dll
0x00007ffd98db0000 - 0x00007ffd98dc8000 	C:\Users\Niko\.jdks\openjdk-15.0.1\bin\jli.dll
0x00007ffdad970000 - 0x00007ffdadb10000 	C:\Windows\System32\USER32.dll
0x00007ffdab950000 - 0x00007ffdab972000 	C:\Windows\System32\win32u.dll
0x00007ffdac370000 - 0x00007ffdac39a000 	C:\Windows\System32\GDI32.dll
0x00007ffdaba00000 - 0x00007ffdabb09000 	C:\Windows\System32\gdi32full.dll
0x00007ffdabb10000 - 0x00007ffdabbad000 	C:\Windows\System32\msvcp_win.dll
0x00007ffd912a0000 - 0x00007ffd912b9000 	C:\Users\Niko\.jdks\openjdk-15.0.1\bin\VCRUNTIME140.dll
0x00007ffd983a0000 - 0x00007ffd9863b000 	C:\Windows\WinSxS\amd64_microsoft.windows.common-controls_6595b64144ccf1df_6.0.19041.488_none_ca04af081b815d21\COMCTL32.dll
0x00007ffdabd00000 - 0x00007ffdabd9e000 	C:\Windows\System32\msvcrt.dll
0x00007ffdacd50000 - 0x00007ffdacd80000 	C:\Windows\System32\IMM32.DLL
0x00007ffda2380000 - 0x00007ffda238c000 	C:\Users\Niko\.jdks\openjdk-15.0.1\bin\vcruntime140_1.dll
0x00007ffd79650000 - 0x00007ffd796e1000 	C:\Users\Niko\.jdks\openjdk-15.0.1\bin\msvcp140.dll
0x00007ffd62b30000 - 0x00007ffd6368e000 	C:\Users\Niko\.jdks\openjdk-15.0.1\bin\server\jvm.dll
0x00007ffdad340000 - 0x00007ffdad3ec000 	C:\Windows\System32\ADVAPI32.dll
0x00007ffdabda0000 - 0x00007ffdabe3c000 	C:\Windows\System32\sechost.dll
0x00007ffdabbd0000 - 0x00007ffdabcfb000 	C:\Windows\System32\RPCRT4.dll
0x00007ffdac5f0000 - 0x00007ffdac5f8000 	C:\Windows\System32\PSAPI.DLL
0x00007ffda22e0000 - 0x00007ffda22e9000 	C:\Windows\SYSTEM32\WSOCK32.dll
0x00007ffdac580000 - 0x00007ffdac5eb000 	C:\Windows\System32\WS2_32.dll
0x00007ffd89bb0000 - 0x00007ffd89bd7000 	C:\Windows\SYSTEM32\WINMM.dll
0x00007ffda0410000 - 0x00007ffda041a000 	C:\Windows\SYSTEM32\VERSION.dll
0x00007ffda9b70000 - 0x00007ffda9b82000 	C:\Windows\SYSTEM32\kernel.appcore.dll
0x00007ffda2360000 - 0x00007ffda236a000 	C:\Users\Niko\.jdks\openjdk-15.0.1\bin\jimage.dll
0x00007ffda8f10000 - 0x00007ffda90f4000 	C:\Windows\SYSTEM32\DBGHELP.DLL
0x00007ffd92890000 - 0x00007ffd928bc000 	C:\Windows\SYSTEM32\dbgcore.DLL
0x00007ffdab8d0000 - 0x00007ffdab950000 	C:\Windows\System32\bcryptPrimitives.dll
0x00007ffd8a830000 - 0x00007ffd8a855000 	C:\Users\Niko\.jdks\openjdk-15.0.1\bin\java.dll
0x00007ffdac600000 - 0x00007ffdacd42000 	C:\Windows\System32\SHELL32.dll
0x00007ffda93c0000 - 0x00007ffda9b55000 	C:\Windows\SYSTEM32\windows.storage.dll
0x00007ffdabea0000 - 0x00007ffdac1f6000 	C:\Windows\System32\combase.dll
0x00007ffdaac30000 - 0x00007ffdaac5c000 	C:\Windows\SYSTEM32\Wldp.dll
0x00007ffdac2c0000 - 0x00007ffdac36e000 	C:\Windows\System32\SHCORE.dll
0x00007ffdad200000 - 0x00007ffdad255000 	C:\Windows\System32\shlwapi.dll
0x00007ffdab1c0000 - 0x00007ffdab1e6000 	C:\Windows\SYSTEM32\profapi.dll
0x00007ffd8a810000 - 0x00007ffd8a829000 	C:\Users\Niko\.jdks\openjdk-15.0.1\bin\net.dll
0x00007ffd99680000 - 0x00007ffd99780000 	C:\Windows\SYSTEM32\WINHTTP.dll
0x00007ffdaa9b0000 - 0x00007ffdaaa1a000 	C:\Windows\system32\mswsock.dll
0x00007ffd8a0e0000 - 0x00007ffd8a0f2000 	C:\Users\Niko\.jdks\openjdk-15.0.1\bin\nio.dll
0x00007ffd8a050000 - 0x00007ffd8a068000 	C:\Users\Niko\.jdks\openjdk-15.0.1\bin\zip.dll
0x00007ffd7bed0000 - 0x00007ffd7bf34000 	C:\Users\Niko\AppData\Local\Temp\lwjglNiko\3.2.3-build-13\lwjgl.dll
0x00007ffd7a4e0000 - 0x00007ffd7a542000 	C:\Users\Niko\AppData\Local\Temp\lwjglNiko\3.2.3-build-13\glfw.dll
0x00007ffda88a0000 - 0x00007ffda893e000 	C:\Windows\system32\uxtheme.dll
0x00007ffd7c450000 - 0x00007ffd7c495000 	C:\Windows\SYSTEM32\dinput8.dll
0x00007ffd89d30000 - 0x00007ffd89d41000 	C:\Windows\SYSTEM32\xinput1_4.dll
0x00007ffdab980000 - 0x00007ffdab9ce000 	C:\Windows\System32\cfgmgr32.dll
0x00007ffdaafd0000 - 0x00007ffdaaffc000 	C:\Windows\SYSTEM32\DEVOBJ.dll
0x00007ffda8a70000 - 0x00007ffda8a9f000 	C:\Windows\SYSTEM32\dwmapi.dll
0x00007ffd9bec0000 - 0x00007ffd9c012000 	C:\Windows\SYSTEM32\inputhost.dll
0x00007ffdad8a0000 - 0x00007ffdad96d000 	C:\Windows\System32\OLEAUT32.dll
0x00007ffda84e0000 - 0x00007ffda85d2000 	C:\Windows\SYSTEM32\CoreMessaging.dll
0x00007ffda9100000 - 0x00007ffda91f7000 	C:\Windows\SYSTEM32\PROPSYS.dll
0x00007ffda6e20000 - 0x00007ffda6f76000 	C:\Windows\SYSTEM32\wintypes.dll
0x00007ffda7e00000 - 0x00007ffda815e000 	C:\Windows\SYSTEM32\CoreUIComponents.dll
0x00007ffdaa090000 - 0x00007ffdaa0c3000 	C:\Windows\SYSTEM32\ntmarta.dll
0x00007ffdac450000 - 0x00007ffdac566000 	C:\Windows\System32\MSCTF.dll
0x00007ffda9b60000 - 0x00007ffda9b6d000 	C:\Windows\SYSTEM32\HID.DLL
0x00007ffdacd80000 - 0x00007ffdad1e7000 	C:\Windows\System32\SETUPAPI.DLL
0x00007ffdab9d0000 - 0x00007ffdab9f7000 	C:\Windows\System32\bcrypt.dll
0x00007ffdab3f0000 - 0x00007ffdab450000 	C:\Windows\System32\WINTRUST.dll
0x00007ffdab290000 - 0x00007ffdab3ed000 	C:\Windows\System32\CRYPT32.dll
0x00007ffdaadb0000 - 0x00007ffdaadc2000 	C:\Windows\SYSTEM32\MSASN1.dll
0x00007ffd8b910000 - 0x00007ffd8ba35000 	C:\Windows\SYSTEM32\opengl32.dll
0x00007ffd8c090000 - 0x00007ffd8c0bc000 	C:\Windows\SYSTEM32\GLU32.dll
0x00007ffdac3a0000 - 0x00007ffdac449000 	C:\Windows\System32\clbcatq.dll
0x00007ffd69400000 - 0x00007ffd6a3c5000 	C:\Windows\System32\DriverStore\FileRepository\iigd_dch.inf_amd64_a086f01cc7be643a\ig9icd64.dll
0x00007ffdad3f0000 - 0x00007ffdad51a000 	C:\Windows\System32\ole32.dll
0x00007ffda9be0000 - 0x00007ffda9cd3000 	C:\Windows\system32\dxgi.dll
0x00007ffda1a30000 - 0x00007ffda1c6f000 	C:\Windows\System32\DriverStore\FileRepository\iigd_dch.inf_amd64_a086f01cc7be643a\igdgmm64.dll
0x00007ffd9c120000 - 0x00007ffd9ed82000 	C:\Windows\System32\DriverStore\FileRepository\iigd_dch.inf_amd64_a086f01cc7be643a\igc64.dll
0x00007ffdab040000 - 0x00007ffdab08b000 	C:\Windows\SYSTEM32\powrprof.dll
0x00007ffdab020000 - 0x00007ffdab032000 	C:\Windows\SYSTEM32\UMPDC.dll
0x00007ffd77820000 - 0x00007ffd77c35000 	C:\Windows\System32\DriverStore\FileRepository\iigd_dch.inf_amd64_a086f01cc7be643a\igdml64.dll
0x00007ffd9c020000 - 0x00007ffd9c11d000 	C:\Windows\SYSTEM32\textinputframework.dll
0x00007ffd96050000 - 0x00007ffd960b6000 	C:\Windows\system32\Oleacc.dll
0x00007ffd7a0a0000 - 0x00007ffd7a0f9000 	C:\Users\Niko\AppData\Local\Temp\lwjglNiko\3.2.3-build-13\lwjgl_opengl.dll
0x00007ffda0f00000 - 0x00007ffda0f10000 	C:\Users\Niko\.jdks\openjdk-15.0.1\bin\verify.dll
0x00007ffd79e30000 - 0x00007ffd79ea7000 	C:\Users\Niko\AppData\Local\Temp\lwjglNiko\3.2.3-build-13\lwjgl_stb.dll

dbghelp: loaded successfully - version: 4.0.5 - missing functions: none
symbol engine: initialized successfully - sym options: 0x614 - pdb path: .;C:\Users\Niko\.jdks\openjdk-15.0.1\bin;C:\Windows\SYSTEM32;C:\Program Files\AVG\Antivirus;C:\Windows\WinSxS\amd64_microsoft.windows.common-controls_6595b64144ccf1df_6.0.19041.488_none_ca04af081b815d21;C:\Users\Niko\.jdks\openjdk-15.0.1\bin\server;C:\Users\Niko\AppData\Local\Temp\lwjglNiko\3.2.3-build-13;C:\Windows\System32\DriverStore\FileRepository\iigd_dch.inf_amd64_a086f01cc7be643a

VM Arguments:
jvm_args: -Dfile.encoding=windows-1252 -Duser.country=US -Duser.language=en -Duser.variant 
java_command: Main
java_class_path (initial): C:\Users\Niko\IdeaProjects\Mario\build\classes\java\main;C:\Users\Niko\IdeaProjects\Mario\build\resources\main;C:\Users\Niko\.gradle\caches\modules-2\files-2.1\org.lwjgl\lwjgl-assimp\3.2.3\f62aa07a20afbdd3097efc296c4841e0d29700eb\lwjgl-assimp-3.2.3.jar;C:\Users\Niko\.gradle\caches\modules-2\files-2.1\org.lwjgl\lwjgl-assimp\3.2.3\4e60aeb75f0343c4a9ede4ef8b6b32ca702a00a3\lwjgl-assimp-3.2.3-natives-windows.jar;C:\Users\Niko\.gradle\caches\modules-2\files-2.1\org.lwjgl\lwjgl-glfw\3.2.3\5e520d5c290c8b012545a8d34fa5db5ab051ea53\lwjgl-glfw-3.2.3.jar;C:\Users\Niko\.gradle\caches\modules-2\files-2.1\org.lwjgl\lwjgl-glfw\3.2.3\b4d8a3477cdc2edcf7a5f1e822926be846223f54\lwjgl-glfw-3.2.3-natives-windows.jar;C:\Users\Niko\.gradle\caches\modules-2\files-2.1\org.lwjgl\lwjgl-nfd\3.2.3\c44fee1043c022cf6614a28872d44cf114ca7737\lwjgl-nfd-3.2.3.jar;C:\Users\Niko\.gradle\caches\modules-2\files-2.1\org.lwjgl\lwjgl-nfd\3.2.3\32782f5f5c57769efb82af864e70b819c77bc891\lwjgl-nfd-3.2.3-natives-windows.jar;C:\Users\Niko\.gradle\caches\modules-2\files-2.1\org.lwjgl\lwjgl-openal\3.2.3\106742e805803ab9eab8e343f0fb31a3d263903c\lwjgl-openal-3.2.3.jar;C:\Users\Niko\.gradle\caches\modules-2\files-2.1\org.lwjgl\lwjgl-openal\3.2.3\ec898e8ce11b5886f4f532a1536283ef2817758d\lwjgl-openal-3.2.3-natives-windows.jar;C:\Users\Niko\.gradle\caches\modules-2\files-2.1\org.lwjgl\lwjgl-opengl\3.2.3\bdd534a323d0c8f54969b95e424b6ac8984f7d6e\lwjgl-opengl-3.2.3.jar;C:\Users\Niko\.gradle\caches\modules-2\files-2.1\org.lwjgl\lwjgl-opengl\3.2.3\e81cfc73ec8708e5e791ed770e4ec3edfc1bbab1\lwjgl-opengl-3.2.3-natives-windows.jar;C:\Users\Niko\.gradle\caches\modules-2\files-2.1\org.lwjgl\lwjgl-stb\3.2.3\40eccaa4fa86fc815f2e17946a392fb5fdcc286a\lwjgl-stb-3.2.3.jar;C:\Users\Niko\.gradle\caches\modules-2\files-2.1\org.lwjgl\lwjgl-stb\3.2.3\817b21ec286f0ba3dcedb56a3bd275e6a9345be9\lwjgl-stb-3.2.3-natives-windows.jar;C:\Users\Niko\.gradle\caches\modules-2\files-2.1\org.lwjgl\lwjgl\3.2.3\17a59ba0fe8d474ec9dbe
Launcher Type: SUN_STANDARD

[Global flags]
     intx CICompilerCount                          = 3                                         {product} {ergonomic}
     uint ConcGCThreads                            = 1                                         {product} {ergonomic}
     uint G1ConcRefinementThreads                  = 4                                         {product} {ergonomic}
   size_t G1HeapRegionSize                         = 2097152                                   {product} {ergonomic}
    uintx GCDrainStackTargetSize                   = 64                                        {product} {ergonomic}
   size_t InitialHeapSize                          = 268435456                                 {product} {ergonomic}
   size_t MarkStackSize                            = 4194304                                   {product} {ergonomic}
   size_t MaxHeapSize                              = 4269801472                                {product} {ergonomic}
   size_t MaxNewSize                               = 2560622592                                {product} {ergonomic}
   size_t MinHeapDeltaBytes                        = 2097152                                   {product} {ergonomic}
   size_t MinHeapSize                              = 8388608                                   {product} {ergonomic}
    uintx NonNMethodCodeHeapSize                   = 5832780                                {pd product} {ergonomic}
    uintx NonProfiledCodeHeapSize                  = 122912730                              {pd product} {ergonomic}
    uintx ProfiledCodeHeapSize                     = 122912730                              {pd product} {ergonomic}
    uintx ReservedCodeCacheSize                    = 251658240                              {pd product} {ergonomic}
     bool SegmentedCodeCache                       = true                                      {product} {ergonomic}
   size_t SoftMaxHeapSize                          = 4269801472                             {manageable} {ergonomic}
     bool UseCompressedClassPointers               = true                                 {lp64_product} {ergonomic}
     bool UseCompressedOops                        = true                                 {lp64_product} {ergonomic}
     bool UseG1GC                                  = true                                      {product} {ergonomic}
     bool UseLargePagesIndividualAllocation        = false                                  {pd product} {ergonomic}

Logging:
Log output configuration:
 #0: stdout all=warning uptime,level,tags
 #1: stderr all=off uptime,level,tags

Environment Variables:
PATH=C:\Windows\system32;C:\Windows;C:\Windows\System32\Wbem;C:\Windows\System32\WindowsPowerShell\v1.0\;C:\Windows\System32\OpenSSH\;C:\Program Files\Git\cmd;C:\Users\Niko\AppData\Local\Microsoft\WindowsApps;;C:\Program Files\JetBrains\IntelliJ IDEA Community Edition 2020.3\bin;
USERNAME=Niko
OS=Windows_NT
PROCESSOR_IDENTIFIER=Intel64 Family 6 Model 142 Stepping 9, GenuineIntel



---------------  S Y S T E M  ---------------

OS:
 Windows 10 , 64 bit Build 19041 (10.0.19041.662)
OS uptime: 1 days 4:54 hours

CPU: total 4 (initial active 4) (2 cores per cpu, 2 threads per core) family 6 model 142 stepping 9 microcode 0xb4, cmov, cx8, fxsr, mmx, sse, sse2, sse3, ssse3, sse4.1, sse4.2, popcnt, vzeroupper, avx, avx2, aes, clmul, erms, 3dnowpref, lzcnt, ht, tsc, tscinvbit, bmi1, bmi2, adx, fma, clflush, clflushopt

Memory: 4k page, system-wide physical 16287M (9602M free)
TotalPageFile size 19231M (AvailPageFile size 11140M)
current process WorkingSet (physical memory assigned to process): 214M, peak: 214M
current process commit charge ("private bytes"): 401M, peak: 401M

vm_info: OpenJDK 64-Bit Server VM (15.0.1+9-18) for windows-amd64 JRE (15.0.1+9-18), built on Sep 15 2020 14:39:31 by "mach5one" with unknown MS VC++:1925

END.
